c:\users\h99_1\onedrive\pulpit\winapibejeweled\winapibejeweled\debug\vc142.pdb
c:\users\h99_1\onedrive\pulpit\winapibejeweled\winapibejeweled\debug\vc142.idb
c:\users\h99_1\onedrive\pulpit\winapibejeweled\winapibejeweled\debug\winapibejeweled.obj
c:\users\h99_1\onedrive\pulpit\winapibejeweled\winapibejeweled\debug\register.obj
c:\users\h99_1\onedrive\pulpit\winapibejeweled\winapibejeweled\debug\mainproc.obj
c:\users\h99_1\onedrive\pulpit\winapibejeweled\winapibejeweled\debug\childproc.obj
c:\users\h99_1\onedrive\pulpit\winapibejeweled\winapibejeweled\debug\aboutproc.obj
c:\users\h99_1\onedrive\pulpit\winapibejeweled\winapibejeweled\debug\sizes.obj
c:\users\h99_1\onedrive\pulpit\winapibejeweled\winapibejeweled\debug\custommessages.obj
c:\users\h99_1\onedrive\pulpit\winapibejeweled\winapibejeweled\debug\game.obj
c:\users\h99_1\onedrive\pulpit\winapibejeweled\winapibejeweled\debug\rng.obj
c:\users\h99_1\onedrive\pulpit\winapibejeweled\winapibejeweled\debug\sizesandcolors.obj
c:\users\h99_1\onedrive\pulpit\winapibejeweled\debug\winapibejeweled.exe
c:\users\h99_1\onedrive\pulpit\winapibejeweled\debug\winapibejeweled.ilk
c:\users\h99_1\onedrive\pulpit\winapibejeweled\debug\winapibejeweled.pdb
c:\users\h99_1\onedrive\pulpit\winapibejeweled\winapibejeweled\debug\winapibejeweled.res
c:\users\h99_1\onedrive\pulpit\winapibejeweled\winapibejeweled\debug\winapibejeweled.tlog\cl.command.1.tlog
c:\users\h99_1\onedrive\pulpit\winapibejeweled\winapibejeweled\debug\winapibejeweled.tlog\cl.read.1.tlog
c:\users\h99_1\onedrive\pulpit\winapibejeweled\winapibejeweled\debug\winapibejeweled.tlog\cl.write.1.tlog
c:\users\h99_1\onedrive\pulpit\winapibejeweled\winapibejeweled\debug\winapibejeweled.tlog\link.command.1.tlog
c:\users\h99_1\onedrive\pulpit\winapibejeweled\winapibejeweled\debug\winapibejeweled.tlog\link.read.1.tlog
c:\users\h99_1\onedrive\pulpit\winapibejeweled\winapibejeweled\debug\winapibejeweled.tlog\link.write.1.tlog
c:\users\h99_1\onedrive\pulpit\winapibejeweled\winapibejeweled\debug\winapibejeweled.tlog\rc.command.1.tlog
c:\users\h99_1\onedrive\pulpit\winapibejeweled\winapibejeweled\debug\winapibejeweled.tlog\rc.read.1.tlog
c:\users\h99_1\onedrive\pulpit\winapibejeweled\winapibejeweled\debug\winapibejeweled.tlog\rc.write.1.tlog
